<?xml version="1.0" encoding="UTF-8"?>
<!-- Generated by org.testng.reporters.JUnitReportReporter -->
<testsuite skipped="0" hostname="Batman" name="test.LoginTest" tests="1" failures="0" timestamp="2023-02-20T21:18:56 GMT" time="5.503" errors="0">
  <testcase name="validUserShouldBeLogin" time="5.503" classname="test.LoginTest"/>
  <system-out/>
</testsuite> <!-- test.LoginTest -->
